  stdafx.cpp
  faceDetection.cpp
c:\opencv\build\include\opencv2\core\mat.hpp(1926): warning C4819: 檔案含有無法在目前字碼頁 (950) 中表示的字元。請以 Unicode 格式儲存檔案以防止資料遺失
c:\opencv\build\include\opencv2\core\persistence.hpp : warning C4819: 檔案含有無法在目前字碼頁 (950) 中表示的字元。請以 Unicode 格式儲存檔案以防止資料遺失
c:\opencv\build\include\opencv2\core\utility.hpp : warning C4819: 檔案含有無法在目前字碼頁 (950) 中表示的字元。請以 Unicode 格式儲存檔案以防止資料遺失
c:\opencv\build\include\opencv2\core\utility.hpp : warning C4819: 檔案含有無法在目前字碼頁 (950) 中表示的字元。請以 Unicode 格式儲存檔案以防止資料遺失
c:\opencv\build\include\opencv2\imgproc.hpp : warning C4819: 檔案含有無法在目前字碼頁 (950) 中表示的字元。請以 Unicode 格式儲存檔案以防止資料遺失
c:\opencv\build\include\opencv2\imgproc.hpp(617): warning C4819: 檔案含有無法在目前字碼頁 (950) 中表示的字元。請以 Unicode 格式儲存檔案以防止資料遺失
faceDetection.obj : error LNK2019: 無法解析的外部符號 "void __cdecl cv::fastFree(void *)" (?fastFree@cv@@YAXPAX@Z) 在函式 "public: __thiscall cv::Mat::~Mat(void)" (??1Mat@cv@@QAE@XZ) 中被參考
faceDetection.obj : error LNK2019: 無法解析的外部符號 "private: char * __thiscall cv::String::allocate(unsigned int)" (?allocate@String@cv@@AAEPADI@Z) 在函式 "public: __thiscall cv::String::String(class std::basic_string<char,struct std::char_traits<char>,class std::allocator<char> > const &)" (??0String@cv@@QAE@ABV?$basic_string@DU?$char_traits@D@std@@V?$allocator@D@2@@std@@@Z) 中被參考
faceDetection.obj : error LNK2019: 無法解析的外部符號 "private: void __thiscall cv::String::deallocate(void)" (?deallocate@String@cv@@AAEXXZ) 在函式 "public: __thiscall cv::String::~String(void)" (??1String@cv@@QAE@XZ) 中被參考
faceDetection.obj : error LNK2019: 無法解析的外部符號 "public: __thiscall cv::Mat::Mat(class cv::Mat const &,class cv::Rect_<int> const &)" (??0Mat@cv@@QAE@ABV01@ABV?$Rect_@H@1@@Z) 在函式 "public: class cv::Mat __thiscall cv::Mat::operator()(class cv::Rect_<int> const &)const " (??RMat@cv@@QBE?AV01@ABV?$Rect_@H@1@@Z) 中被參考
faceDetection.obj : error LNK2019: 無法解析的外部符號 "public: void __thiscall cv::Mat::deallocate(void)" (?deallocate@Mat@cv@@QAEXXZ) 在函式 "public: void __thiscall cv::Mat::release(void)" (?release@Mat@cv@@QAEXXZ) 中被參考
faceDetection.obj : error LNK2019: 無法解析的外部符號 "class cv::Mat __cdecl cv::imread(class cv::String const &,int)" (?imread@cv@@YA?AVMat@1@ABVString@1@H@Z) 在函式 _wmain 中被參考
faceDetection.obj : error LNK2019: 無法解析的外部符號 "bool __cdecl cv::imwrite(class cv::String const &,class cv::_InputArray const &,class std::vector<int,class std::allocator<int> > const &)" (?imwrite@cv@@YA_NABVString@1@ABV_InputArray@1@ABV?$vector@HV?$allocator@H@std@@@std@@@Z) 在函式 _wmain 中被參考
faceDetection.obj : error LNK2019: 無法解析的外部符號 "public: __thiscall cv::CascadeClassifier::CascadeClassifier(void)" (??0CascadeClassifier@cv@@QAE@XZ) 在函式 _wmain 中被參考
faceDetection.obj : error LNK2019: 無法解析的外部符號 "public: __thiscall cv::CascadeClassifier::~CascadeClassifier(void)" (??1CascadeClassifier@cv@@QAE@XZ) 在函式 _wmain 中被參考
faceDetection.obj : error LNK2019: 無法解析的外部符號 "public: bool __thiscall cv::CascadeClassifier::load(class cv::String const &)" (?load@CascadeClassifier@cv@@QAE_NABVString@2@@Z) 在函式 _wmain 中被參考
faceDetection.obj : error LNK2019: 無法解析的外部符號 "public: void __thiscall cv::CascadeClassifier::detectMultiScale(class cv::_InputArray const &,class std::vector<class cv::Rect_<int>,class std::allocator<class cv::Rect_<int> > > &,double,int,int,class cv::Size_<int>,class cv::Size_<int>)" (?detectMultiScale@CascadeClassifier@cv@@QAEXABV_InputArray@2@AAV?$vector@V?$Rect_@H@cv@@V?$allocator@V?$Rect_@H@cv@@@std@@@std@@NHHV?$Size_@H@2@2@Z) 在函式 _wmain 中被參考
faceDetection.obj : error LNK2019: 無法解析的外部符號 "void __cdecl cv::resize(class cv::_InputArray const &,class cv::_OutputArray const &,class cv::Size_<int>,double,double,int)" (?resize@cv@@YAXABV_InputArray@1@ABV_OutputArray@1@V?$Size_@H@1@NNH@Z) 在函式 _wmain 中被參考
C:\Users\hsj\Documents\Visual Studio 2017\Projects\faceDetection\Debug\faceDetection.exe : fatal error LNK1120: 12 個無法解析的外部符號
